This is pdfTeX, Version 3.141592653-2.6-1.40.26 (MiKTeX 24.4) (preloaded format=pdflatex 2024.10.13)  2 MAY 2025 20:58
entering extended mode
 restricted \write18 enabled.
 %&-line parsing enabled.
**./stepss_doc.tex
(stepss_doc.tex
LaTeX2e <2024-06-01> patch level 2
L3 programming layer <2024-08-30>
(C:\Users\Petros\AppData\Local\Programs\MiKTeX\tex/latex/base\book.cls
Document Class: book 2024/02/08 v1.4n Standard LaTeX document class
(C:\Users\Petros\AppData\Local\Programs\MiKTeX\tex/latex/base\bk11.clo
File: bk11.clo 2024/02/08 v1.4n Standard LaTeX file (size option)
)
\c@part=\count194
\c@chapter=\count195
\c@section=\count196
\c@subsection=\count197
\c@subsubsection=\count198
\c@paragraph=\count199
\c@subparagraph=\count266
\c@figure=\count267
\c@table=\count268
\abovecaptionskip=\skip49
\belowcaptionskip=\skip50
\bibindent=\dimen141
)
(A4.sty)
(C:\Users\Petros\AppData\Local\Programs\MiKTeX\tex/latex/psnfss\times.sty
Package: times 2020/03/25 PSNFSS-v9.3 (SPQR) 
)
(C:\Users\Petros\AppData\Local\Programs\MiKTeX\tex/latex/base\inputenc.sty
Package: inputenc 2024/02/08 v1.3d Input encoding file
\inpenc@prehook=\toks17
\inpenc@posthook=\toks18

(C:\Users\Petros\AppData\Local\Programs\MiKTeX\tex/latex/base\latin1.def
File: latin1.def 2024/02/08 v1.3d Input encoding file
))
(C:\Users\Petros\AppData\Local\Programs\MiKTeX\tex/latex/graphics\color.sty
Package: color 2024/01/14 v1.3d Standard LaTeX Color (DPC)

(C:\Users\Petros\AppData\Local\Programs\MiKTeX\tex/latex/graphics-cfg\color.cfg
File: color.cfg 2016/01/02 v1.6 sample color configuration
)
Package color Info: Driver file: pdftex.def on input line 149.

(C:\Users\Petros\AppData\Local\Programs\MiKTeX\tex/latex/graphics-def\pdftex.de
f
File: pdftex.def 2024/04/13 v1.2c Graphics/color driver for pdftex
)
(C:\Users\Petros\AppData\Local\Programs\MiKTeX\tex/latex/graphics\mathcolor.ltx
)) (C:\Users\Petros\AppData\Local\Programs\MiKTeX\tex/latex/graphics\epsfig.sty
Package: epsfig 2024/01/14 v1.7b (e)psfig emulation (SPQR)
(C:\Users\Petros\AppData\Local\Programs\MiKTeX\tex/latex/graphics\graphicx.sty
Package: graphicx 2021/09/16 v1.2d Enhanced LaTeX Graphics (DPC,SPQR)

(C:\Users\Petros\AppData\Local\Programs\MiKTeX\tex/latex/graphics\keyval.sty
Package: keyval 2022/05/29 v1.15 key=value parser (DPC)
\KV@toks@=\toks19
)
(C:\Users\Petros\AppData\Local\Programs\MiKTeX\tex/latex/graphics\graphics.sty
Package: graphics 2024/05/23 v1.4g Standard LaTeX Graphics (DPC,SPQR)

(C:\Users\Petros\AppData\Local\Programs\MiKTeX\tex/latex/graphics\trig.sty
Package: trig 2023/12/02 v1.11 sin cos tan (DPC)
)
(C:\Users\Petros\AppData\Local\Programs\MiKTeX\tex/latex/graphics-cfg\graphics.
cfg
File: graphics.cfg 2016/06/04 v1.11 sample graphics configuration
)
Package graphics Info: Driver file: pdftex.def on input line 106.
)
\Gin@req@height=\dimen142
\Gin@req@width=\dimen143
)
\epsfxsize=\dimen144
\epsfysize=\dimen145
) (C:\Users\Petros\AppData\Local\Programs\MiKTeX\tex/latex/tools\bm.sty
Package: bm 2023/12/19 v1.2f Bold Symbol Support (DPC/FMi)
\symboldoperators=\mathgroup4
\symboldletters=\mathgroup5
\symboldsymbols=\mathgroup6
Package bm Info: No bold for \OMX/cmex/m/n, using \pmb.
LaTeX Font Info:    Redeclaring math alphabet \mathbf on input line 149.
)
(C:\Users\Petros\AppData\Local\Programs\MiKTeX\tex/latex/hyperref\hyperref.sty
Package: hyperref 2024-07-10 v7.01j Hypertext links for LaTeX

(C:\Users\Petros\AppData\Local\Programs\MiKTeX\tex/generic/iftex\iftex.sty
Package: iftex 2022/02/03 v1.0f TeX engine tests
)
(C:\Users\Petros\AppData\Local\Programs\MiKTeX\tex/latex/kvsetkeys\kvsetkeys.st
y
Package: kvsetkeys 2022-10-05 v1.19 Key value parser (HO)
)
(C:\Users\Petros\AppData\Local\Programs\MiKTeX\tex/generic/kvdefinekeys\kvdefin
ekeys.sty
Package: kvdefinekeys 2019-12-19 v1.6 Define keys (HO)
)
(C:\Users\Petros\AppData\Local\Programs\MiKTeX\tex/generic/pdfescape\pdfescape.
sty
Package: pdfescape 2019/12/09 v1.15 Implements pdfTeX's escape features (HO)

(C:\Users\Petros\AppData\Local\Programs\MiKTeX\tex/generic/ltxcmds\ltxcmds.sty
Package: ltxcmds 2023-12-04 v1.26 LaTeX kernel commands for general use (HO)
)
(C:\Users\Petros\AppData\Local\Programs\MiKTeX\tex/generic/pdftexcmds\pdftexcmd
s.sty
Package: pdftexcmds 2020-06-27 v0.33 Utility functions of pdfTeX for LuaTeX (HO
)

(C:\Users\Petros\AppData\Local\Programs\MiKTeX\tex/generic/infwarerr\infwarerr.
sty
Package: infwarerr 2019/12/03 v1.5 Providing info/warning/error messages (HO)
)
Package pdftexcmds Info: \pdf@primitive is available.
Package pdftexcmds Info: \pdf@ifprimitive is available.
Package pdftexcmds Info: \pdfdraftmode found.
))
(C:\Users\Petros\AppData\Local\Programs\MiKTeX\tex/latex/hycolor\hycolor.sty
Package: hycolor 2020-01-27 v1.10 Color options for hyperref/bookmark (HO)
)
(C:\Users\Petros\AppData\Local\Programs\MiKTeX\tex/latex/hyperref\nameref.sty
Package: nameref 2023-11-26 v2.56 Cross-referencing by name of section

(C:\Users\Petros\AppData\Local\Programs\MiKTeX\tex/latex/refcount\refcount.sty
Package: refcount 2019/12/15 v3.6 Data extraction from label references (HO)
)
(C:\Users\Petros\AppData\Local\Programs\MiKTeX\tex/generic/gettitlestring\getti
tlestring.sty
Package: gettitlestring 2019/12/15 v1.6 Cleanup title references (HO)

(C:\Users\Petros\AppData\Local\Programs\MiKTeX\tex/latex/kvoptions\kvoptions.st
y
Package: kvoptions 2022-06-15 v3.15 Key value format for package options (HO)
))
\c@section@level=\count269
)
(C:\Users\Petros\AppData\Local\Programs\MiKTeX\tex/latex/etoolbox\etoolbox.sty
Package: etoolbox 2020/10/05 v2.5k e-TeX tools for LaTeX (JAW)
\etb@tempcnta=\count270
)
(C:\Users\Petros\AppData\Local\Programs\MiKTeX\tex/generic/stringenc\stringenc.
sty
Package: stringenc 2019/11/29 v1.12 Convert strings between diff. encodings (HO
)
)
\@linkdim=\dimen146
\Hy@linkcounter=\count271
\Hy@pagecounter=\count272

(C:\Users\Petros\AppData\Local\Programs\MiKTeX\tex/latex/hyperref\pd1enc.def
File: pd1enc.def 2024-07-10 v7.01j Hyperref: PDFDocEncoding definition (HO)
Now handling font encoding PD1 ...
... no UTF-8 mapping file for font encoding PD1
)
(C:\Users\Petros\AppData\Local\Programs\MiKTeX\tex/generic/intcalc\intcalc.sty
Package: intcalc 2019/12/15 v1.3 Expandable calculations with integers (HO)
)
\Hy@SavedSpaceFactor=\count273
(C:\Users\Petros\AppData\Local\Programs\MiKTeX\tex/latex/hyperref\puenc.def
File: puenc.def 2024-07-10 v7.01j Hyperref: PDF Unicode definition (HO)
Now handling font encoding PU ...
... no UTF-8 mapping file for font encoding PU
)
Package hyperref Info: Hyper figures OFF on input line 4157.
Package hyperref Info: Link nesting OFF on input line 4162.
Package hyperref Info: Hyper index ON on input line 4165.
Package hyperref Info: Plain pages OFF on input line 4172.
Package hyperref Info: Backreferencing OFF on input line 4177.
Package hyperref Info: Implicit mode ON; LaTeX internals redefined.
Package hyperref Info: Bookmarks ON on input line 4424.
\c@Hy@tempcnt=\count274

(C:\Users\Petros\AppData\Local\Programs\MiKTeX\tex/latex/url\url.sty
\Urlmuskip=\muskip17
Package: url 2013/09/16  ver 3.4  Verb mode for urls, etc.
)
LaTeX Info: Redefining \url on input line 4763.
\XeTeXLinkMargin=\dimen147

(C:\Users\Petros\AppData\Local\Programs\MiKTeX\tex/generic/bitset\bitset.sty
Package: bitset 2019/12/09 v1.3 Handle bit-vector datatype (HO)

(C:\Users\Petros\AppData\Local\Programs\MiKTeX\tex/generic/bigintcalc\bigintcal
c.sty
Package: bigintcalc 2019/12/15 v1.5 Expandable calculations on big integers (HO
)
))
\Fld@menulength=\count275
\Field@Width=\dimen148
\Fld@charsize=\dimen149
Package hyperref Info: Hyper figures OFF on input line 6042.
Package hyperref Info: Link nesting OFF on input line 6047.
Package hyperref Info: Hyper index ON on input line 6050.
Package hyperref Info: backreferencing OFF on input line 6057.
Package hyperref Info: Link coloring OFF on input line 6062.
Package hyperref Info: Link coloring with OCG OFF on input line 6067.
Package hyperref Info: PDF/A mode OFF on input line 6072.

(C:\Users\Petros\AppData\Local\Programs\MiKTeX\tex/latex/base\atbegshi-ltx.sty
Package: atbegshi-ltx 2021/01/10 v1.0c Emulation of the original atbegshi
package with kernel methods
)
\Hy@abspage=\count276
\c@Item=\count277
\c@Hfootnote=\count278
)
Package hyperref Info: Driver (autodetected): hpdftex.
 (C:\Users\Petros\AppData\Local\Programs\MiKTeX\tex/latex/hyperref\hpdftex.def
File: hpdftex.def 2024-07-10 v7.01j Hyperref driver for pdfTeX

(C:\Users\Petros\AppData\Local\Programs\MiKTeX\tex/latex/base\atveryend-ltx.sty
Package: atveryend-ltx 2020/08/19 v1.0a Emulation of the original atveryend pac
kage
with kernel methods
)
\Fld@listcount=\count279
\c@bookmark@seq@number=\count280

(C:\Users\Petros\AppData\Local\Programs\MiKTeX\tex/latex/rerunfilecheck\rerunfi
lecheck.sty
Package: rerunfilecheck 2022-07-10 v1.10 Rerun checks for auxiliary files (HO)

(C:\Users\Petros\AppData\Local\Programs\MiKTeX\tex/generic/uniquecounter\unique
counter.sty
Package: uniquecounter 2019/12/15 v1.4 Provide unlimited unique counter (HO)
)
Package uniquecounter Info: New unique counter `rerunfilecheck' on input line 2
85.
)
\Hy@SectionHShift=\skip51
)
(C:\Users\Petros\AppData\Local\Programs\MiKTeX\tex/latex/enumitem\enumitem.sty
Package: enumitem 2019/06/20 v3.9 Customized lists
\labelindent=\skip52
\enit@outerparindent=\dimen150
\enit@toks=\toks20
\enit@inbox=\box52
\enit@count@id=\count281
\enitdp@description=\count282
)
(C:\Users\Petros\AppData\Local\Programs\MiKTeX\tex/latex/algorithms\algorithmic
.sty
Package: algorithmic 2009/08/24 v0.1 Document Style `algorithmic'
 (C:\Users\Petros\AppData\Local\Programs\MiKTeX\tex/latex/base\ifthen.sty
Package: ifthen 2024/03/16 v1.1e Standard LaTeX ifthen package (DPC)
)
\c@ALC@unique=\count283
\c@ALC@line=\count284
\c@ALC@rem=\count285
\c@ALC@depth=\count286
\ALC@tlm=\skip53
\algorithmicindent=\skip54
)
(C:\Users\Petros\AppData\Local\Programs\MiKTeX\tex/latex/fontawesome5\fontaweso
me5.sty
(C:\Users\Petros\AppData\Local\Programs\MiKTeX\tex/latex/l3kernel\expl3.sty
Package: expl3 2024-08-30 L3 programming layer (loader) 

(C:\Users\Petros\AppData\Local\Programs\MiKTeX\tex/latex/l3backend\l3backend-pd
ftex.def
File: l3backend-pdftex.def 2024-05-08 L3 backend support: PDF output (pdfTeX)
\l__color_backend_stack_int=\count287
\l__pdf_internal_box=\box53
))
Package: fontawesome5 2022/05/02 v5.15.4 Font Awesome 5

(C:\Users\Petros\AppData\Local\Programs\MiKTeX\tex/latex/l3packages/l3keys2e\l3
keys2e.sty
Package: l3keys2e 2024-08-16 LaTeX2e option processing using LaTeX3 keys
)
(C:\Users\Petros\AppData\Local\Programs\MiKTeX\tex/latex/l3packages/xparse\xpar
se.sty
Package: xparse 2024-08-16 L3 Experimental document command parser
)
(C:\Users\Petros\AppData\Local\Programs\MiKTeX\tex/latex/fontawesome5\fontaweso
me5-generic-helper.sty
Package: fontawesome5-generic-helper 2022/05/02 v5.15.4 non-uTeX helper for fon
tawesome5

(C:\Users\Petros\AppData\Local\Programs\MiKTeX\tex/latex/fontawesome5\fontaweso
me5-mapping.def)))
(C:\Users\Petros\AppData\Local\Programs\MiKTeX\tex/latex/amsmath\amsmath.sty
Package: amsmath 2024/05/23 v2.17q AMS math features
\@mathmargin=\skip55

For additional information on amsmath, use the `?' option.
(C:\Users\Petros\AppData\Local\Programs\MiKTeX\tex/latex/amsmath\amstext.sty
Package: amstext 2021/08/26 v2.01 AMS text

(C:\Users\Petros\AppData\Local\Programs\MiKTeX\tex/latex/amsmath\amsgen.sty
File: amsgen.sty 1999/11/30 v2.0 generic functions
\@emptytoks=\toks21
\ex@=\dimen151
))
(C:\Users\Petros\AppData\Local\Programs\MiKTeX\tex/latex/amsmath\amsbsy.sty
Package: amsbsy 1999/11/29 v1.2d Bold Symbols
LaTeX Info: Redefining \boldsymbol on input line 28.
\pmbraise@=\dimen152
)
(C:\Users\Petros\AppData\Local\Programs\MiKTeX\tex/latex/amsmath\amsopn.sty
Package: amsopn 2022/04/08 v2.04 operator names
)
\inf@bad=\count288
LaTeX Info: Redefining \frac on input line 233.
\uproot@=\count289
\leftroot@=\count290
LaTeX Info: Redefining \overline on input line 398.
LaTeX Info: Redefining \colon on input line 409.
\classnum@=\count291
\DOTSCASE@=\count292
LaTeX Info: Redefining \ldots on input line 495.
LaTeX Info: Redefining \dots on input line 498.
LaTeX Info: Redefining \cdots on input line 619.
\Mathstrutbox@=\box54
\strutbox@=\box55
LaTeX Info: Redefining \big on input line 721.
LaTeX Info: Redefining \Big on input line 722.
LaTeX Info: Redefining \bigg on input line 723.
LaTeX Info: Redefining \Bigg on input line 724.
\big@size=\dimen153
LaTeX Font Info:    Redeclaring font encoding OML on input line 742.
LaTeX Font Info:    Redeclaring font encoding OMS on input line 743.
\macc@depth=\count293
LaTeX Info: Redefining \bmod on input line 904.
LaTeX Info: Redefining \pmod on input line 909.
LaTeX Info: Redefining \smash on input line 939.
LaTeX Info: Redefining \relbar on input line 969.
LaTeX Info: Redefining \Relbar on input line 970.
\c@MaxMatrixCols=\count294
\dotsspace@=\muskip18
\c@parentequation=\count295
\dspbrk@lvl=\count296
\tag@help=\toks22
\row@=\count297
\column@=\count298
\maxfields@=\count299
\andhelp@=\toks23
\eqnshift@=\dimen154
\alignsep@=\dimen155
\tagshift@=\dimen156
\tagwidth@=\dimen157
\totwidth@=\dimen158
\lineht@=\dimen159
\@envbody=\toks24
\multlinegap=\skip56
\multlinetaggap=\skip57
\mathdisplay@stack=\toks25
LaTeX Info: Redefining \[ on input line 2953.
LaTeX Info: Redefining \] on input line 2954.
)
(C:\Users\Petros\AppData\Local\Programs\MiKTeX\tex/latex/mdframed\mdframed.sty
Package: mdframed 2013/07/01 1.9b: mdframed

(C:\Users\Petros\AppData\Local\Programs\MiKTeX\tex/latex/zref\zref-abspage.sty
Package: zref-abspage 2023-09-14 v2.35 Module abspage for zref (HO)

(C:\Users\Petros\AppData\Local\Programs\MiKTeX\tex/latex/zref\zref-base.sty
Package: zref-base 2023-09-14 v2.35 Module base for zref (HO)

(C:\Users\Petros\AppData\Local\Programs\MiKTeX\tex/generic/etexcmds\etexcmds.st
y
Package: etexcmds 2019/12/15 v1.7 Avoid name clashes with e-TeX commands (HO)
) (C:\Users\Petros\AppData\Local\Programs\MiKTeX\tex/latex/auxhook\auxhook.sty
Package: auxhook 2019-12-17 v1.6 Hooks for auxiliary files (HO)
)
Package zref Info: New property list: main on input line 767.
Package zref Info: New property: default on input line 768.
Package zref Info: New property: page on input line 769.
)
\c@abspage=\count300
Package zref Info: New property: abspage on input line 67.
)
(C:\Users\Petros\AppData\Local\Programs\MiKTeX\tex/latex/needspace\needspace.st
y
Package: needspace 2010/09/12 v1.3d reserve vertical space
)
\mdf@templength=\skip58
\c@mdf@globalstyle@cnt=\count301
\mdf@skipabove@length=\skip59
\mdf@skipbelow@length=\skip60
\mdf@leftmargin@length=\skip61
\mdf@rightmargin@length=\skip62
\mdf@innerleftmargin@length=\skip63
\mdf@innerrightmargin@length=\skip64
\mdf@innertopmargin@length=\skip65
\mdf@innerbottommargin@length=\skip66
\mdf@splittopskip@length=\skip67
\mdf@splitbottomskip@length=\skip68
\mdf@outermargin@length=\skip69
\mdf@innermargin@length=\skip70
\mdf@linewidth@length=\skip71
\mdf@innerlinewidth@length=\skip72
\mdf@middlelinewidth@length=\skip73
\mdf@outerlinewidth@length=\skip74
\mdf@roundcorner@length=\skip75
\mdf@footenotedistance@length=\skip76
\mdf@userdefinedwidth@length=\skip77
\mdf@needspace@length=\skip78
\mdf@frametitleaboveskip@length=\skip79
\mdf@frametitlebelowskip@length=\skip80
\mdf@frametitlerulewidth@length=\skip81
\mdf@frametitleleftmargin@length=\skip82
\mdf@frametitlerightmargin@length=\skip83
\mdf@shadowsize@length=\skip84
\mdf@extratopheight@length=\skip85
\mdf@subtitleabovelinewidth@length=\skip86
\mdf@subtitlebelowlinewidth@length=\skip87
\mdf@subtitleaboveskip@length=\skip88
\mdf@subtitlebelowskip@length=\skip89
\mdf@subtitleinneraboveskip@length=\skip90
\mdf@subtitleinnerbelowskip@length=\skip91
\mdf@subsubtitleabovelinewidth@length=\skip92
\mdf@subsubtitlebelowlinewidth@length=\skip93
\mdf@subsubtitleaboveskip@length=\skip94
\mdf@subsubtitlebelowskip@length=\skip95
\mdf@subsubtitleinneraboveskip@length=\skip96
\mdf@subsubtitleinnerbelowskip@length=\skip97

(C:\Users\Petros\AppData\Local\Programs\MiKTeX\tex/latex/mdframed\md-frame-0.md
f
File: md-frame-0.mdf 2013/07/01\ 1.9b: md-frame-0
)
\mdf@frametitlebox=\box56
\mdf@footnotebox=\box57
\mdf@splitbox@one=\box58
\mdf@splitbox@two=\box59
\mdf@splitbox@save=\box60
\mdfsplitboxwidth=\skip98
\mdfsplitboxtotalwidth=\skip99
\mdfsplitboxheight=\skip100
\mdfsplitboxdepth=\skip101
\mdfsplitboxtotalheight=\skip102
\mdfframetitleboxwidth=\skip103
\mdfframetitleboxtotalwidth=\skip104
\mdfframetitleboxheight=\skip105
\mdfframetitleboxdepth=\skip106
\mdfframetitleboxtotalheight=\skip107
\mdffootnoteboxwidth=\skip108
\mdffootnoteboxtotalwidth=\skip109
\mdffootnoteboxheight=\skip110
\mdffootnoteboxdepth=\skip111
\mdffootnoteboxtotalheight=\skip112
\mdftotallinewidth=\skip113
\mdfboundingboxwidth=\skip114
\mdfboundingboxtotalwidth=\skip115
\mdfboundingboxheight=\skip116
\mdfboundingboxdepth=\skip117
\mdfboundingboxtotalheight=\skip118
\mdf@freevspace@length=\skip119
\mdf@horizontalwidthofbox@length=\skip120
\mdf@verticalmarginwhole@length=\skip121
\mdf@horizontalspaceofbox=\skip122
\mdfsubtitleheight=\skip123
\mdfsubsubtitleheight=\skip124
\c@mdfcountframes=\count302

****** mdframed patching \endmdf@trivlist

****** -- success******

\mdf@envdepth=\count303
\c@mdf@env@i=\count304
\c@mdf@env@ii=\count305
\c@mdf@zref@counter=\count306
Package zref Info: New property: mdf@pagevalue on input line 895.
)
LaTeX Font Info:    Trying to load font information for OT1+ptm on input line 1
8.
 (C:\Users\Petros\AppData\Local\Programs\MiKTeX\tex/latex/psnfss\ot1ptm.fd
File: ot1ptm.fd 2001/06/04 font definitions for OT1/ptm.
)
(stepss_doc.aux (legal.aux) (overview.aux) (install.aux) (files.aux)
(network.aux) (pfc-data.aux) (ref_and_init.aux) (sync_thev_impload.aux)
(disturbances.aux) (solvsett.aux) (disc_cont.aux) (user_models.aux)
(library_blocks.aux) (codegen/abs.aux) (codegen/algeq.aux) (codegen/db.aux)
(codegen/f_inj.aux) (codegen/f_twop_bus1.aux) (codegen/f_twop_bus2.aux)
(codegen/fsa.aux) (codegen/hyst.aux) (codegen/int.aux) (codegen/inlim.aux)
(codegen/invlim.aux) (codegen/lim.aux) (codegen/limvb.aux) (codegen/max1v1c.aux
) (codegen/max2v.aux) (codegen/min1v1c.aux) (codegen/min2v.aux)
(codegen/nint.aux) (codegen/pictl.aux) (codegen/pictllim.aux)
(codegen/pictl2lim.aux) (codegen/pictlieee.aux) (codegen/pwlin.aux)
(codegen/switch.aux) (codegen/swsign.aux) (codegen/tf1p.aux)
(codegen/tf1plim.aux) (codegen/tf1pvlim.aux) (codegen/tf1p2lim.aux)
(codegen/tfder1p.aux) (codegen/tf1p1z.aux

LaTeX Warning: Label `tf1p1z-1' multiply defined.


LaTeX Warning: Label `tf1p1z-2' multiply defined.

) (codegen/tf2p2z.aux) (codegen/timer.aux) (codegen/timersc.aux)
(codegen/tsa.aux) (codegen/functions.aux))
\openout1 = `stepss_doc.aux'.

LaTeX Font Info:    Checking defaults for OML/cmm/m/it on input line 18.
LaTeX Font Info:    ... okay on input line 18.
LaTeX Font Info:    Checking defaults for OMS/cmsy/m/n on input line 18.
LaTeX Font Info:    ... okay on input line 18.
LaTeX Font Info:    Checking defaults for OT1/cmr/m/n on input line 18.
LaTeX Font Info:    ... okay on input line 18.
LaTeX Font Info:    Checking defaults for T1/cmr/m/n on input line 18.
LaTeX Font Info:    ... okay on input line 18.
LaTeX Font Info:    Checking defaults for TS1/cmr/m/n on input line 18.
LaTeX Font Info:    ... okay on input line 18.
LaTeX Font Info:    Checking defaults for OMX/cmex/m/n on input line 18.
LaTeX Font Info:    ... okay on input line 18.
LaTeX Font Info:    Checking defaults for U/cmr/m/n on input line 18.
LaTeX Font Info:    ... okay on input line 18.
LaTeX Font Info:    Checking defaults for PD1/pdf/m/n on input line 18.
LaTeX Font Info:    ... okay on input line 18.
LaTeX Font Info:    Checking defaults for PU/pdf/m/n on input line 18.
LaTeX Font Info:    ... okay on input line 18.

(C:\Users\Petros\AppData\Local\Programs\MiKTeX\tex/context/base/mkii\supp-pdf.m
kii
[Loading MPS to PDF converter (version 2006.09.02).]
\scratchcounter=\count307
\scratchdimen=\dimen160
\scratchbox=\box61
\nofMPsegments=\count308
\nofMParguments=\count309
\everyMPshowfont=\toks26
\MPscratchCnt=\count310
\MPscratchDim=\dimen161
\MPnumerator=\count311
\makeMPintoPDFobject=\count312
\everyMPtoPDFconversion=\toks27
)
(C:\Users\Petros\AppData\Local\Programs\MiKTeX\tex/latex/epstopdf-pkg\epstopdf-
base.sty
Package: epstopdf-base 2020-01-24 v2.11 Base part for package epstopdf
Package epstopdf-base Info: Redefining graphics rule for `.eps' on input line 4
85.

(C:\Users\Petros\AppData\Local\Programs\MiKTeX\tex/latex/00miktex\epstopdf-sys.
cfg
File: epstopdf-sys.cfg 2021/03/18 v2.0 Configuration of epstopdf for MiKTeX
))
Package hyperref Info: Link coloring OFF on input line 18.
 (stepss_doc.out) (stepss_doc.out)
\@outlinefile=\write3
\openout3 = `stepss_doc.out'.

LaTeX Font Info:    Trying to load font information for OT1+phv on input line 1
9.

(C:\Users\Petros\AppData\Local\Programs\MiKTeX\tex/latex/psnfss\ot1phv.fd
File: ot1phv.fd 2020/03/25 scalable font definitions for OT1/phv.
)
<logo.png, id=359, 765.86125pt x 547.04375pt>
File: logo.png Graphic file (type png)
<use logo.png>
Package pdftex.def Info: logo.png  used on input line 30.
(pdftex.def)             Requested size: 191.46484pt x 136.76059pt.


[1

{C:/Users/Petros/AppData/Local/MiKTeX/fonts/map/pdftex/pdftex.map}{C:/Users/Pet
ros/AppData/Local/Programs/MiKTeX/fonts/enc/dvips/base/8r.enc} <./logo.png>]
\openout2 = `legal.aux'.


(legal.tex

[2

])

[3]

[4



] (stepss_doc.toc
Underfull \vbox (badness 8038) has occurred while \output is active []



[5]
Underfull \vbox (badness 2080) has occurred while \output is active []



[6]
Underfull \vbox (badness 10000) has occurred while \output is active []



[7]
Underfull \vbox (badness 10000) has occurred while \output is active []



[8])
\tf@toc=\write4
\openout4 = `stepss_doc.toc'.



[9]

[10

]

[11]

[12]
Chapter 1.


[13

]
\openout2 = `overview.aux'.

 (overview.tex
<over-general.pdf, id=512, 455.40138pt x 287.54527pt>
File: over-general.pdf Graphic file (type pdf)
<use over-general.pdf>
Package pdftex.def Info: over-general.pdf  used on input line 12.
(pdftex.def)             Requested size: 455.40027pt x 287.54456pt.
LaTeX Font Info:    Trying to load font information for TS1+ptm on input line 1
3.

(C:\Users\Petros\AppData\Local\Programs\MiKTeX\tex/latex/psnfss\ts1ptm.fd
File: ts1ptm.fd 2001/06/04 font definitions for TS1/ptm.
)

[14

 <./over-general.pdf>]

[15]
LaTeX Font Info:    Font shape `OT1/phv/m/it' in size <10.95> not available
(Font)              Font shape `OT1/phv/m/sl' tried instead on input line 83.
LaTeX Font Info:    Font shape `OT1/phv/m/it' in size <12> not available
(Font)              Font shape `OT1/phv/m/sl' tried instead on input line 83.


[16]

[17])

[18]
Chapter 2.


[19



]
\openout2 = `install.aux'.

 (install.tex
LaTeX Font Info:    Trying to load font information for OT1+pcr on input line 6
.

(C:\Users\Petros\AppData\Local\Programs\MiKTeX\tex/latex/psnfss\ot1pcr.fd
File: ot1pcr.fd 2001/06/04 font definitions for OT1/pcr.
)
Overfull \hbox (59.40309pt too wide) in paragraph at lines 5--7
| \OT1/pcr/m/n/10.95 https://drive.google.com/drive/folders/1HcUSD-FOx6192HURJn
xltYJuKuNA8Vwz?usp=drive[]link 
 []

<java_check.jpg, id=597, 654.445pt x 67.25125pt>
File: java_check.jpg Graphic file (type jpg)
<use java_check.jpg>
Package pdftex.def Info: java_check.jpg  used on input line 28.
(pdftex.def)             Requested size: 523.55672pt x 53.80106pt.

Overfull \hbox (54.08626pt too wide) in paragraph at lines 28--29
 [][] 
 []



[20

 <./java_check.jpg>]

[21]
<Visual_Studio.jpg, id=630, 1562.83875pt x 788.9475pt>
File: Visual_Studio.jpg Graphic file (type jpg)
<use Visual_Studio.jpg>
Package pdftex.def Info: Visual_Studio.jpg  used on input line 83.
(pdftex.def)             Requested size: 468.85524pt x 236.68607pt.
)

[22 <./Visual_Studio.jpg>]
Chapter 3.


[23



]
\openout2 = `files.aux'.

 (files.tex
LaTeX Font Info:    Trying to load font information for U+fontawesomefree1 on i
nput line 14.

(C:\Users\Petros\AppData\Local\Programs\MiKTeX\tex/latex/fontawesome5\ufontawes
omefree1.fd)

[24

{C:/Users/Petros/AppData/Local/Programs/MiKTeX/fonts/enc/dvips/fontawesome5/fa5
free1.enc}]
Overfull \hbox (54.23254pt too wide) in paragraph at lines 46--47
[]\U/fontawesomefree1/solid/n/10.95 ¬  \OT1/ptm/m/n/10.95 Dif-fer-ent valid for
-mats of the same num-ber:   [] 
 []



[25])

[26]
Chapter 4.


[27



]
\openout2 = `network.aux'.

 (network.tex
Underfull \vbox (badness 10000) has occurred while \output is active []



[28

]
<netw-line.pdf, id=677, 350.25253pt x 144.76585pt>
File: netw-line.pdf Graphic file (type pdf)
<use netw-line.pdf>
Package pdftex.def Info: netw-line.pdf  used on input line 40.
(pdftex.def)             Requested size: 245.1751pt x 101.33539pt.


[29 <./netw-line.pdf>]

[30]
<netw-transfo.pdf, id=715, 496.03206pt x 162.37161pt>
File: netw-transfo.pdf Graphic file (type pdf)
<use netw-transfo.pdf>
Package pdftex.def Info: netw-transfo.pdf  used on input line 113.
(pdftex.def)             Requested size: 347.22008pt x 113.65933pt.


[31 <./netw-transfo.pdf>]

[32]
Overfull \hbox (47.87257pt too wide) in paragraph at lines 161--162
[]| [] 
 []


Underfull \vbox (badness 10000) has occurred while \output is active []



[33]
<netw-twop.pdf, id=780, 205.38632pt x 48.5815pt>
File: netw-twop.pdf Graphic file (type pdf)
<use netw-twop.pdf>
Package pdftex.def Info: netw-twop.pdf  used on input line 207.
(pdftex.def)             Requested size: 205.38582pt x 48.58136pt.


[34 <./netw-twop.pdf>]

[35])

[36]

[37



]

[38]
Chapter 5.


[39

]
\openout2 = `pfc-data.aux'.

 (pfc-data.tex

[40

]

[41]
Underfull \vbox (badness 10000) has occurred while \output is active []



[42]
<SVC.pdf, id=847, 398.18962pt x 158.26227pt>
File: SVC.pdf Graphic file (type pdf)
<use SVC.pdf>
Package pdftex.def Info: SVC.pdf  used on input line 108.
(pdftex.def)             Requested size: 318.55212pt x 126.60997pt.


[43 <./SVC.pdf>]

[44]

[45]

[46]

[47]

[48]
LaTeX Font Info:    Trying to load font information for TS1+phv on input line 3
39.
 (C:\Users\Petros\AppData\Local\Programs\MiKTeX\tex/latex/psnfss\ts1phv.fd
File: ts1phv.fd 2020/03/25 scalable font definitions for TS1/phv.
)
LaTeX Font Info:    Trying to load font information for TS1+pcr on input line 3
48.
(C:\Users\Petros\AppData\Local\Programs\MiKTeX\tex/latex/psnfss\ts1pcr.fd
File: ts1pcr.fd 2001/06/04 font definitions for TS1/pcr.
)

LaTeX Warning: `!h' float specifier changed to `!ht'.



[49]

[50])

[51




]

[52]
Chapter 6.


[53

]
\openout2 = `ref_and_init.aux'.

 (ref_and_init.tex
<phasor.pdf, id=959, 197.13649pt x 126.53172pt>
File: phasor.pdf Graphic file (type pdf)
<use phasor.pdf>
Package pdftex.def Info: phasor.pdf  used on input line 26.
(pdftex.def)             Requested size: 197.136pt x 126.5314pt.


[54

 <./phasor.pdf>]
Underfull \vbox (badness 2376) has occurred while \output is active []



[55]

[56]
<init-pflow.pdf, id=1017, 258.57103pt x 145.74449pt>
File: init-pflow.pdf Graphic file (type pdf)
<use init-pflow.pdf>
Package pdftex.def Info: init-pflow.pdf  used on input line 131.
(pdftex.def)             Requested size: 258.57039pt x 145.74413pt.


[57]

[58 <./init-pflow.pdf>]

LaTeX Warning: Reference `format-sync' on page 59 undefined on input line 172.


LaTeX Warning: Reference `format-thev' on page 59 undefined on input line 173.


LaTeX Warning: Reference `format-impload' on page 59 undefined on input line 17
4.

)

[59]

[60



]
Chapter 7.


[61]
\openout2 = `sync_thev_impload.aux'.

 (sync_thev_impload.tex)


Overfull \hbox (96.83363pt too wide) has occurred while \output is active
\OT1/ptm/m/n/10.95 62 \OT1/ptm/m/sl/10.95 CHAPTER 7.  MODELLING OF SYNCHRONOUS 
MACHINES, TH[]EVENIN EQUIVALENTS AND IMPEDANCE LOADS
 []

[62

]
Chapter 8.


[63



]
\openout2 = `disturbances.aux'.

 (disturbances.tex

[64

]

[65]

[66]
Overfull \hbox (57.32455pt too wide) in paragraph at lines 186--188
\OT1/phv/m/n/10.95 time(s) CHG-PRM INJ/TWOP/DCTL name[]of[]equipment name[]of[]
parameter $\OMS/cmsy/m/n/10.95 ^^F$\OT1/phv/m/n/10.95 increment (MW/MVAr/%/SETP
)
 []



[67])

[68]
Chapter 9.


[69



]
\openout2 = `solvsett.aux'.

 (solvsett.tex

[70

]
Overfull \hbox (49.62976pt too wide) in paragraph at lines 46--48
\TS1/phv/m/n/10.95 $\OT1/phv/m/n/10.95 NEWTON[]TOLER NET-WORK[]TOLERANCE INJ[]R
ELATIVE[]TOLERANCE INJ[]ABSOLUTE[]TOLERANCE
 []



[71])

[72]
Chapter 10.


[73



]
\openout2 = `disc_cont.aux'.

 (disc_cont.tex)

[74

]

[75



]

[76]
Chapter 11.


[77

]
\openout2 = `user_models.aux'.

 (user_models.tex
<states.pdf, id=1161, 305.14pt x 116.63574pt>
File: states.pdf Graphic file (type pdf)
<use states.pdf>
Package pdftex.def Info: states.pdf  used on input line 17.
(pdftex.def)             Requested size: 305.13924pt x 116.63545pt.



Overfull \hbox (70.58673pt too wide) has occurred while \output is active
\OT1/ptm/m/n/10.95 78 \OT1/ptm/m/sl/10.95 CHAPTER 11.  USER-DEFINED MODELS: MAT
HEMATICAL FORMULATION AND SYNTAX OF DESCRIPTION
 []

[78

 <./states.pdf>]

[79]

LaTeX Warning: Reference `???' on page 80 undefined on input line 88.

<simple_AVR.pdf, id=1197, 250.13449pt x 78.05562pt>
File: simple_AVR.pdf Graphic file (type pdf)
<use simple_AVR.pdf>
Package pdftex.def Info: simple_AVR.pdf  used on input line 108.
(pdftex.def)             Requested size: 187.6004pt x 58.54156pt.



Overfull \hbox (70.58673pt too wide) has occurred while \output is active
\OT1/ptm/m/n/10.95 80 \OT1/ptm/m/sl/10.95 CHAPTER 11.  USER-DEFINED MODELS: MAT
HEMATICAL FORMULATION AND SYNTAX OF DESCRIPTION
 []

[80 <./simple_AVR.pdf>]

LaTeX Font Warning: Command \large invalid in math mode on input line 133.

<simple_AVR2.pdf, id=1235, 375.09535pt x 121.41762pt>
File: simple_AVR2.pdf Graphic file (type pdf)
<use simple_AVR2.pdf>
Package pdftex.def Info: simple_AVR2.pdf  used on input line 147.
(pdftex.def)             Requested size: 281.32082pt x 91.06297pt.


[81 <./simple_AVR2.pdf>]


Overfull \hbox (70.58673pt too wide) has occurred while \output is active
\OT1/ptm/m/n/10.95 82 \OT1/ptm/m/sl/10.95 CHAPTER 11.  USER-DEFINED MODELS: MAT
HEMATICAL FORMULATION AND SYNTAX OF DESCRIPTION
 []

[82]
Overfull \hbox (11.86624pt too wide) in paragraph at lines 224--225
[]\OT1/phv/m/n/10.95 at the re-sult-ing point, the in-equal-ity con-straints as
-so-ci-ated with dis-crete tran-si-tions are checked.
 []

<disc_steps.pdf, id=1309, 221.02574pt x 124.66574pt>
File: disc_steps.pdf Graphic file (type pdf)
<use disc_steps.pdf>
Package pdftex.def Info: disc_steps.pdf  used on input line 238.
(pdftex.def)             Requested size: 176.82082pt x 99.73271pt.

LaTeX Warning: `!h' float specifier changed to `!ht'.



[83]
<states-links.pdf, id=1326, 332.70198pt x 58.95123pt>
File: states-links.pdf Graphic file (type pdf)
<use states-links.pdf>
Package pdftex.def Info: states-links.pdf  used on input line 252.
(pdftex.def)             Requested size: 316.0651pt x 56.00333pt.
<codegen/tf1p1z.pdf, id=1329, 141.68333pt x 32.5215pt>
File: codegen/tf1p1z.pdf Graphic file (type pdf)
<use codegen/tf1p1z.pdf>
Package pdftex.def Info: codegen/tf1p1z.pdf  used on input line 270.
(pdftex.def)             Requested size: 127.5138pt x 29.26906pt.


LaTeX Warning: `!h' float specifier changed to `!ht'.




Overfull \hbox (70.58673pt too wide) has occurred while \output is active
\OT1/ptm/m/n/10.95 84 \OT1/ptm/m/sl/10.95 CHAPTER 11.  USER-DEFINED MODELS: MAT
HEMATICAL FORMULATION AND SYNTAX OF DESCRIPTION
 []

[84 <./disc_steps.pdf> <./states-links.pdf>]
Package mdframed Info: mdframed works in twoside mode on input line 308.
Package mdframed Info: mdframed inside float 
 mdframed uses option nobreak mdframed on input line 341.
Package mdframed Info: mdframed inside a box 
 mdframed uses option nobreak mdframed on input line 341.


LaTeX Warning: `!h' float specifier changed to `!ht'.



[85 <./codegen/tf1p1z.pdf>]
LaTeX Font Info:    Trying to load font information for OMS+phv on input line 3
49.

(C:\Users\Petros\AppData\Local\Programs\MiKTeX\tex/latex/psnfss\omsphv.fd
File: omsphv.fd 
)
LaTeX Font Info:    Font shape `OMS/phv/m/n' in size <10.95> not available
(Font)              Font shape `OMS/cmsy/m/n' tried instead on input line 349.

Underfull \vbox (badness 10000) has occurred while \output is active []




Overfull \hbox (70.58673pt too wide) has occurred while \output is active
\OT1/ptm/m/n/10.95 86 \OT1/ptm/m/sl/10.95 CHAPTER 11.  USER-DEFINED MODELS: MAT
HEMATICAL FORMULATION AND SYNTAX OF DESCRIPTION
 []

[86]
LaTeX Font Info:    Trying to load font information for OMS+ptm on input line 3
67.
 (C:\Users\Petros\AppData\Local\Programs\MiKTeX\tex/latex/psnfss\omsptm.fd
File: omsptm.fd 
)
LaTeX Font Info:    Font shape `OMS/ptm/m/n' in size <10.95> not available
(Font)              Font shape `OMS/cmsy/m/n' tried instead on input line 367.


[87]
Overfull \hbox (31.12338pt too wide) in paragraph at lines 388--389
[]| \OT1/phv/m/n/10.95 https://www.intel.com/content/www/us/en/docs/fortran-com
piler/developer-guide-reference/2023-0/categories-
 []




Overfull \hbox (70.58673pt too wide) has occurred while \output is active
\OT1/ptm/m/n/10.95 88 \OT1/ptm/m/sl/10.95 CHAPTER 11.  USER-DEFINED MODELS: MAT
HEMATICAL FORMULATION AND SYNTAX OF DESCRIPTION
 []

[88]

[89]


Overfull \hbox (70.58673pt too wide) has occurred while \output is active
\OT1/ptm/m/n/10.95 90 \OT1/ptm/m/sl/10.95 CHAPTER 11.  USER-DEFINED MODELS: MAT
HEMATICAL FORMULATION AND SYNTAX OF DESCRIPTION
 []

[90]
Overfull \hbox (46.52954pt too wide) in paragraph at lines 549--549
[]                                          \OT1/pcr/m/n/10 1 d/a eqs     2 d/a
 states     0 disc states[] 
 []


Overfull \hbox (46.52954pt too wide) in paragraph at lines 549--549
[]                                          \OT1/pcr/m/n/10 2 d/a eqs     2 d/a
 states     1 disc states[] 
 []



[91]
Overfull \hbox (18.57814pt too wide) in paragraph at lines 574--575
[]\OT1/phv/m/n/10.95 typos in the name of a math-e-mat-i-cal func-tion. For in-
stance, ``cus([delta])'' in-stead of ``cos([delta])'',
 []




Overfull \hbox (70.58673pt too wide) has occurred while \output is active
\OT1/ptm/m/n/10.95 92 \OT1/ptm/m/sl/10.95 CHAPTER 11.  USER-DEFINED MODELS: MAT
HEMATICAL FORMULATION AND SYNTAX OF DESCRIPTION
 []

[92]
Overfull \hbox (13.80708pt too wide) in paragraph at lines 605--606
[]| \OT1/pcr/m/n/10.95 TWOP MODEL[]NAME TWOP[]NAME BUS1 BUS2 IND FP1 FQ1 P2 Q2 
DATA1 DATA2 ...; 
 []



[93])


Overfull \hbox (70.58673pt too wide) has occurred while \output is active
\OT1/ptm/m/n/10.95 94 \OT1/ptm/m/sl/10.95 CHAPTER 11.  USER-DEFINED MODELS: MAT
HEMATICAL FORMULATION AND SYNTAX OF DESCRIPTION
 []

[94]
Chapter 12.


[95



]
\openout2 = `library_blocks.aux'.

 (library_blocks.tex
Underfull \vbox (badness 10000) has occurred while \output is active []



[96

])

[97]
\openout2 = `codegen/abs.aux'.

 (codegen/abs.tex
<codegen/abs.pdf, id=1571, 220.50279pt x 44.5665pt>
File: codegen/abs.pdf Graphic file (type pdf)
<use codegen/abs.pdf>
Package pdftex.def Info: codegen/abs.pdf  used on input line 8.
(pdftex.def)             Requested size: 220.50224pt x 44.56638pt.

Overfull \hbox (99.51266pt too wide) in paragraph at lines 12--17
[]\OT1/phv/m/n/10.95 Syntax : | [] 
 []


Overfull \hbox (71.85732pt too wide) in paragraph at lines 35--48
[]| [] 
 []


Overfull \hbox (71.85732pt too wide) in paragraph at lines 52--61
[]| [] 
 []

)

[98



 <./codegen/abs.pdf>]

[99]
\openout2 = `codegen/algeq.aux'.

 (codegen/algeq.tex
Overfull \hbox (99.51266pt too wide) in paragraph at lines 7--11
[]\OT1/phv/m/n/10.95 Syntax : | [] 
 []

)

[100



]
\openout2 = `codegen/db.aux'.

 (codegen/db.tex
<codegen/db.pdf, id=1612, 355.21509pt x 101.27235pt>
File: codegen/db.pdf Graphic file (type pdf)
<use codegen/db.pdf>
Package pdftex.def Info: codegen/db.pdf  used on input line 8.
(pdftex.def)             Requested size: 355.21422pt x 101.2721pt.

Overfull \hbox (99.51266pt too wide) in paragraph at lines 11--22
[]\OT1/phv/m/n/10.95 Syntax : | [] 
 []


Underfull \vbox (badness 10000) has occurred while \output is active []



[101



 <./codegen/db.pdf>]
Overfull \hbox (71.85732pt too wide) in paragraph at lines 42--59
[]| [] 
 []


Overfull \hbox (71.85732pt too wide) in paragraph at lines 62--73
[]| [] 
 []

)

[102]
\openout2 = `codegen/f_inj.aux'.

 (codegen/f_inj.tex
Overfull \hbox (99.51266pt too wide) in paragraph at lines 7--12
[]\OT1/phv/m/n/10.95 Syntax : | [] 
 []

<codegen/phasor.pdf, id=1664, 199.93657pt x 111.65112pt>
File: codegen/phasor.pdf Graphic file (type pdf)
<use codegen/phasor.pdf>
Package pdftex.def Info: codegen/phasor.pdf  used on input line 40.
(pdftex.def)             Requested size: 199.93607pt x 111.65083pt.


[103



])

[104 <./codegen/phasor.pdf>]
\openout2 = `codegen/f_twop_bus1.aux'.

 (codegen/f_twop_bus1.tex
Overfull \hbox (99.51266pt too wide) in paragraph at lines 7--12
[]\OT1/phv/m/n/10.95 Syntax : | [] 
 []

)

[105



]
\openout2 = `codegen/f_twop_bus2.aux'.

 (codegen/f_twop_bus2.tex
Overfull \hbox (99.51266pt too wide) in paragraph at lines 7--12
[]\OT1/phv/m/n/10.95 Syntax : | [] 
 []

)

[106



]
\openout2 = `codegen/fsa.aux'.

 (codegen/fsa.tex
<codegen/fsa.pdf, id=1701, 215.00325pt x 129.40144pt>
File: codegen/fsa.pdf Graphic file (type pdf)
<use codegen/fsa.pdf>
Package pdftex.def Info: codegen/fsa.pdf  used on input line 17.
(pdftex.def)             Requested size: 215.00272pt x 129.40111pt.


[107



 <./codegen/fsa.pdf>])

[108]
\openout2 = `codegen/hyst.aux'.

 (codegen/hyst.tex
<codegen/hyst.pdf, id=1736, 459.27885pt x 100.7755pt>
File: codegen/hyst.pdf Graphic file (type pdf)
<use codegen/hyst.pdf>
Package pdftex.def Info: codegen/hyst.pdf  used on input line 6.
(pdftex.def)             Requested size: 459.27773pt x 100.77524pt.

Overfull \hbox (99.51266pt too wide) in paragraph at lines 9--21
[]\OT1/phv/m/n/10.95 Syntax : | [] 
 []


Underfull \vbox (badness 10000) has occurred while \output is active []



[109



 <./codegen/hyst.pdf>]
Overfull \hbox (71.85732pt too wide) in paragraph at lines 40--53
[]| [] 
 []


Overfull \hbox (71.85732pt too wide) in paragraph at lines 56--71
[]| [] 
 []

)

[110]
\openout2 = `codegen/int.aux'.

 (codegen/int.tex
<codegen/in.pdf, id=1781, 125.62332pt x 32.5215pt>
File: codegen/in.pdf Graphic file (type pdf)
<use codegen/in.pdf>
Package pdftex.def Info: codegen/in.pdf  used on input line 6.
(pdftex.def)             Requested size: 125.623pt x 32.52141pt.

Overfull \hbox (99.51266pt too wide) in paragraph at lines 9--15
[]\OT1/phv/m/n/10.95 Syntax : | [] 
 []

)

[111



 <./codegen/in.pdf>]
\openout2 = `codegen/inlim.aux'.

 (codegen/inlim.tex
<codegen/inlim.pdf, id=1796, 125.62332pt x 76.61523pt>
File: codegen/inlim.pdf Graphic file (type pdf)
<use codegen/inlim.pdf>
Package pdftex.def Info: codegen/inlim.pdf  used on input line 6.
(pdftex.def)             Requested size: 125.623pt x 76.61504pt.

Overfull \hbox (99.51266pt too wide) in paragraph at lines 9--17
[]\OT1/phv/m/n/10.95 Syntax : | [] 
 []


Underfull \vbox (badness 10000) has occurred while \output is active []



[112



 <./codegen/inlim.pdf>]
Overfull \hbox (71.85732pt too wide) in paragraph at lines 34--53
[]| [] 
 []


Overfull \hbox (71.85732pt too wide) in paragraph at lines 56--67
[]| [] 
 []

)

[113]
\openout2 = `codegen/invlim.aux'.

 (codegen/invlim.tex
<codegen/invlim.pdf, id=1837, 137.66833pt x 68.58524pt>
File: codegen/invlim.pdf Graphic file (type pdf)
<use codegen/invlim.pdf>
Package pdftex.def Info: codegen/invlim.pdf  used on input line 6.
(pdftex.def)             Requested size: 137.66798pt x 68.58505pt.

Overfull \hbox (99.51266pt too wide) in paragraph at lines 9--17
[]\OT1/phv/m/n/10.95 Syntax : | [] 
 []


Underfull \vbox (badness 10000) has occurred while \output is active []



[114



 <./codegen/invlim.pdf>]
Overfull \hbox (71.85732pt too wide) in paragraph at lines 34--53
[]| [] 
 []


Overfull \hbox (71.85732pt too wide) in paragraph at lines 56--67
[]| [] 
 []

)

[115]
\openout2 = `codegen/lim.aux'.

 (codegen/lim.tex
<codegen/lim.pdf, id=1879, 133.65334pt x 60.55524pt>
File: codegen/lim.pdf Graphic file (type pdf)
<use codegen/lim.pdf>
Package pdftex.def Info: codegen/lim.pdf  used on input line 5.
(pdftex.def)             Requested size: 133.65298pt x 60.55507pt.

Overfull \hbox (99.51266pt too wide) in paragraph at lines 7--14
\OT1/phv/m/n/10.95 Syntax : | [] 
 []


Underfull \vbox (badness 10000) has occurred while \output is active []



[116



 <./codegen/lim.pdf>]
Overfull \hbox (71.85732pt too wide) in paragraph at lines 34--53
[]| [] 
 []

)
Overfull \hbox (71.85732pt too wide) in paragraph at lines 57--116
[]| [] 
 []



[117]
\openout2 = `codegen/limvb.aux'.

 (codegen/limvb.tex
<codegen/limvb.pdf, id=1917, 145.69833pt x 36.46523pt>
File: codegen/limvb.pdf Graphic file (type pdf)
<use codegen/limvb.pdf>
Package pdftex.def Info: codegen/limvb.pdf  used on input line 6.
(pdftex.def)             Requested size: 145.69795pt x 36.46513pt.

Overfull \hbox (99.51266pt too wide) in paragraph at lines 9--16
[]\OT1/phv/m/n/10.95 Syntax : | [] 
 []


Underfull \vbox (badness 10000) has occurred while \output is active []



[118



 <./codegen/limvb.pdf>]
Overfull \hbox (71.85732pt too wide) in paragraph at lines 36--55
[]| [] 
 []


Overfull \hbox (71.85732pt too wide) in paragraph at lines 59--70
[]| [] 
 []

)

[119]
\openout2 = `codegen/max1v1c.aux'.

 (codegen/max1v1c.tex
<codegen/max1v1c.pdf, id=1955, 133.65334pt x 32.5215pt>
File: codegen/max1v1c.pdf Graphic file (type pdf)
<use codegen/max1v1c.pdf>
Package pdftex.def Info: codegen/max1v1c.pdf  used on input line 6.
(pdftex.def)             Requested size: 133.65298pt x 32.52141pt.

Underfull \hbox (badness 10000) in paragraph at lines 14--14

 []


Overfull \hbox (99.51266pt too wide) in paragraph at lines 9--15
[]\OT1/phv/m/n/10.95 Syntax : | [] 
 []


Overfull \hbox (71.85732pt too wide) in paragraph at lines 33--46
[]| [] 
 []


Underfull \vbox (badness 10000) has occurred while \output is active []



[120



 <./codegen/max1v1c.pdf>])
Overfull \hbox (71.85732pt too wide) in paragraph at lines 50--118
[]| [] 
 []



[121]
\openout2 = `codegen/max2v.aux'.

 (codegen/max2v.tex
<codegen/max2.pdf, id=1988, 134.48343pt x 32.5215pt>
File: codegen/max2.pdf Graphic file (type pdf)
<use codegen/max2.pdf>
Package pdftex.def Info: codegen/max2.pdf  used on input line 6.
(pdftex.def)             Requested size: 134.4831pt x 32.52141pt.

Overfull \hbox (99.51266pt too wide) in paragraph at lines 9--15
[]\OT1/phv/m/n/10.95 Syntax : | [] 
 []


Overfull \hbox (71.85732pt too wide) in paragraph at lines 33--46
[]| [] 
 []

)
Overfull \hbox (71.85732pt too wide) in paragraph at lines 50--119
[]| [] 
 []



[122



 <./codegen/max2.pdf>]
\openout2 = `codegen/min1v1c.aux'.

 (codegen/min1v1c.tex
<codegen/min1v1c.pdf, id=2016, 133.65334pt x 32.5215pt>
File: codegen/min1v1c.pdf Graphic file (type pdf)
<use codegen/min1v1c.pdf>
Package pdftex.def Info: codegen/min1v1c.pdf  used on input line 6.
(pdftex.def)             Requested size: 133.65298pt x 32.52141pt.

Underfull \hbox (badness 10000) in paragraph at lines 14--14

 []


Overfull \hbox (99.51266pt too wide) in paragraph at lines 9--15
[]\OT1/phv/m/n/10.95 Syntax : | [] 
 []


Overfull \hbox (71.85732pt too wide) in paragraph at lines 33--46
[]| [] 
 []


Underfull \vbox (badness 10000) has occurred while \output is active []



[123



 <./codegen/min1v1c.pdf>])
Overfull \hbox (71.85732pt too wide) in paragraph at lines 50--120
[]| [] 
 []



[124]
\openout2 = `codegen/min2v.aux'.

 (codegen/min2v.tex
<codegen/min2.pdf, id=2048, 134.48343pt x 32.5215pt>
File: codegen/min2.pdf Graphic file (type pdf)
<use codegen/min2.pdf>
Package pdftex.def Info: codegen/min2.pdf  used on input line 6.
(pdftex.def)             Requested size: 134.4831pt x 32.52141pt.

Overfull \hbox (99.51266pt too wide) in paragraph at lines 9--15
[]\OT1/phv/m/n/10.95 Syntax : | [] 
 []


Overfull \hbox (71.85732pt too wide) in paragraph at lines 33--46
[]| [] 
 []

)
Overfull \hbox (71.85732pt too wide) in paragraph at lines 50--121
[]| [] 
 []



[125



 <./codegen/min2.pdf>]
\openout2 = `codegen/nint.aux'.

 (codegen/nint.tex
<codegen/nint.pdf, id=2076, 337.05725pt x 122.7777pt>
File: codegen/nint.pdf Graphic file (type pdf)
<use codegen/nint.pdf>
Package pdftex.def Info: codegen/nint.pdf  used on input line 7.
(pdftex.def)             Requested size: 337.05641pt x 122.77739pt.

Overfull \hbox (99.51266pt too wide) in paragraph at lines 9--15
\OT1/phv/m/n/10.95 Syntax : | [] 
 []


Overfull \hbox (71.85732pt too wide) in paragraph at lines 29--36
[]| [] 
 []



[126



 <./codegen/nint.pdf>])

[127]
\openout2 = `codegen/pictl.aux'.

 (codegen/pictl.tex
<codegen/pictl.pdf, id=2100, 180.79044pt x 80.7015pt>
File: codegen/pictl.pdf Graphic file (type pdf)
<use codegen/pictl.pdf>
Package pdftex.def Info: codegen/pictl.pdf  used on input line 6.
(pdftex.def)             Requested size: 180.78998pt x 80.70131pt.

Overfull \hbox (99.51266pt too wide) in paragraph at lines 9--16
[]\OT1/phv/m/n/10.95 Syntax : | [] 
 []

)

[128



 <./codegen/pictl.pdf>]
\openout2 = `codegen/pictllim.aux'.

 (codegen/pictllim.tex
<codegen/pictllim.pdf, id=2117, 180.79044pt x 99.19157pt>
File: codegen/pictllim.pdf Graphic file (type pdf)
<use codegen/pictllim.pdf>
Package pdftex.def Info: codegen/pictllim.pdf  used on input line 6.
(pdftex.def)             Requested size: 180.78998pt x 99.19133pt.

Overfull \hbox (99.51266pt too wide) in paragraph at lines 9--18
[]\OT1/phv/m/n/10.95 Syntax : | [] 
 []


Underfull \vbox (badness 10000) has occurred while \output is active []



[129



 <./codegen/pictllim.pdf>]
Overfull \hbox (71.85732pt too wide) in paragraph at lines 40--59
[]| [] 
 []


Overfull \hbox (71.85732pt too wide) in paragraph at lines 63--77
[]| [] 
 []

)

[130]
\openout2 = `codegen/pictl2lim.aux'.

 (codegen/pictl2lim.tex
<codegen/pictl2lim.pdf, id=2164, 240.71732pt x 118.72556pt>
File: codegen/pictl2lim.pdf Graphic file (type pdf)
<use codegen/pictl2lim.pdf>
Package pdftex.def Info: codegen/pictl2lim.pdf  used on input line 5.
(pdftex.def)             Requested size: 240.71672pt x 118.72525pt.

Overfull \hbox (99.51266pt too wide) in paragraph at lines 7--18
\OT1/phv/m/n/10.95 Syntax : | [] 
 []



[131



 <./codegen/pictl2lim.pdf>]
Overfull \hbox (86.98927pt too wide) in paragraph at lines 46--82
[]\OT1/phv/m/n/10.95 Discrete tran-si-tions : | [] 
 []


Underfull \vbox (badness 10000) has occurred while \output is active []



[132]
Overfull \hbox (290.81516pt too wide) in paragraph at lines 92--116
[]\OT1/phv/m/n/10.95 Initialization of in-ter-nal state $\OML/cmm/m/it/10.95 x[
]$ \OT1/phv/m/n/10.95 and the dis-crete vari-ables: | [] 
 []

)

[133]
\openout2 = `codegen/pictlieee.aux'.

 (codegen/pictlieee.tex
<codegen/pictlieee.pdf, id=2236, 263.09792pt x 158.24521pt>
File: codegen/pictlieee.pdf Graphic file (type pdf)
<use codegen/pictlieee.pdf>
Package pdftex.def Info: codegen/pictlieee.pdf  used on input line 7.
(pdftex.def)             Requested size: 263.09727pt x 158.2448pt.

Overfull \hbox (99.51266pt too wide) in paragraph at lines 25--34
[]\OT1/phv/m/n/10.95 Syntax : | [] 
 []


Underfull \vbox (badness 10000) has occurred while \output is active []



[134



 <./codegen/pictlieee.pdf>]
Underfull \vbox (badness 10000) has occurred while \output is active []



[135]
Overfull \hbox (71.85732pt too wide) in paragraph at lines 82--113
[]| [] 
 []


Overfull \hbox (71.85732pt too wide) in paragraph at lines 116--133
[]| [] 
 []

)
Underfull \vbox (badness 10000) has occurred while \output is active []



[136]

[137]
\openout2 = `codegen/pwlin.aux'.

 (codegen/pwlin.tex
<codegen/pwlin.pdf, id=2333, 431.50008pt x 121.06128pt>
File: codegen/pwlin.pdf Graphic file (type pdf)
<use codegen/pwlin.pdf>
Package pdftex.def Info: codegen/pwlin.pdf  used on input line 8.
(pdftex.def)             Requested size: 431.49902pt x 121.06096pt.

Overfull \hbox (99.51266pt too wide) in paragraph at lines 12--23
[]\OT1/phv/m/n/10.95 Syntax : | [] 
 []


Overfull \hbox (103.0828pt too wide) in paragraph at lines 26--39
[]| [] 
 []


Overfull \hbox (103.0828pt too wide) in paragraph at lines 42--57
[]| [] 
 []


Underfull \vbox (badness 10000) has occurred while \output is active []



[138



 <./codegen/pwlin.pdf>]
Overfull \hbox (103.0828pt too wide) in paragraph at lines 60--77
[]| [] 
 []


Underfull \vbox (badness 10000) has occurred while \output is active []



[139]
Overfull \hbox (71.85732pt too wide) in paragraph at lines 92--107
[]| [] 
 []

)

[140]
\openout2 = `codegen/switch.aux'.

 (codegen/switch.tex
<codegen/switch.pdf, id=2377, 179.18242pt x 64.73586pt>
File: codegen/switch.pdf Graphic file (type pdf)
<use codegen/switch.pdf>
Package pdftex.def Info: codegen/switch.pdf  used on input line 8.
(pdftex.def)             Requested size: 179.18198pt x 64.73569pt.
)

[141



 <./codegen/switch.pdf>]

[142]
\openout2 = `codegen/swsign.aux'.

 (codegen/swsign.tex
<codegen/switchsign.pdf, id=2395, 148.20268pt x 74.6539pt>
File: codegen/switchsign.pdf Graphic file (type pdf)
<use codegen/switchsign.pdf>
Package pdftex.def Info: codegen/switchsign.pdf  used on input line 6.
(pdftex.def)             Requested size: 148.20232pt x 74.6537pt.

Overfull \hbox (99.51266pt too wide) in paragraph at lines 9--16
[]\OT1/phv/m/n/10.95 Syntax : | [] 
 []


Overfull \hbox (71.85732pt too wide) in paragraph at lines 34--47
[]| [] 
 []

)
Overfull \hbox (71.85732pt too wide) in paragraph at lines 51--129
[]| [] 
 []



[143



 <./codegen/switchsign.pdf>]

[144]
\openout2 = `codegen/tf1p.aux'.

 (codegen/tf1p.tex
<codegen/tf1p.pdf, id=2431, 125.62332pt x 32.5215pt>
File: codegen/tf1p.pdf Graphic file (type pdf)
<use codegen/tf1p.pdf>
Package pdftex.def Info: codegen/tf1p.pdf  used on input line 6.
(pdftex.def)             Requested size: 125.623pt x 32.52141pt.

Overfull \hbox (99.51266pt too wide) in paragraph at lines 9--16
[]\OT1/phv/m/n/10.95 Syntax : | [] 
 []

)

[145



 <./codegen/tf1p.pdf>]
\openout2 = `codegen/tf1plim.aux'.

 (codegen/tf1plim.tex
<codegen/tf1plim.pdf, id=2446, 293.21042pt x 90.71793pt>
File: codegen/tf1plim.pdf Graphic file (type pdf)
<use codegen/tf1plim.pdf>
Package pdftex.def Info: codegen/tf1plim.pdf  used on input line 6.
(pdftex.def)             Requested size: 293.2097pt x 90.7177pt.

Overfull \hbox (99.51266pt too wide) in paragraph at lines 9--18
[]\OT1/phv/m/n/10.95 Syntax : | [] 
 []


Underfull \vbox (badness 10000) has occurred while \output is active []



[146



 <./codegen/tf1plim.pdf>]
Overfull \hbox (71.85732pt too wide) in paragraph at lines 37--56
[]| [] 
 []


Overfull \hbox (71.85732pt too wide) in paragraph at lines 67--78
[]| [] 
 []

)

[147]
\openout2 = `codegen/tf1pvlim.aux'.

 (codegen/tf1pvlim.tex
<codegen/tf1pvlim.pdf, id=2488, 301.24042pt x 82.68791pt>
File: codegen/tf1pvlim.pdf Graphic file (type pdf)
<use codegen/tf1pvlim.pdf>
Package pdftex.def Info: codegen/tf1pvlim.pdf  used on input line 6.
(pdftex.def)             Requested size: 301.23969pt x 82.6877pt.

Overfull \hbox (99.51266pt too wide) in paragraph at lines 9--19
[]\OT1/phv/m/n/10.95 Syntax : | [] 
 []


Overfull \hbox (71.85732pt too wide) in paragraph at lines 37--56
[]| [] 
 []


Underfull \vbox (badness 10000) has occurred while \output is active []



[148



 <./codegen/tf1pvlim.pdf>]
Overfull \hbox (71.85732pt too wide) in paragraph at lines 67--78
[]| [] 
 []

)

[149]
\openout2 = `codegen/tf1p2lim.aux'.

 (codegen/tf1p2lim.tex
<codegen/tf1p2lim.pdf, id=2530, 378.56831pt x 90.71793pt>
File: codegen/tf1p2lim.pdf Graphic file (type pdf)
<use codegen/tf1p2lim.pdf>
Package pdftex.def Info: codegen/tf1p2lim.pdf  used on input line 6.
(pdftex.def)             Requested size: 378.56738pt x 90.7177pt.

Overfull \hbox (99.51266pt too wide) in paragraph at lines 9--20
[]\OT1/phv/m/n/10.95 Syntax : | [] 
 []



[150



 <./codegen/tf1p2lim.pdf>]
Underfull \vbox (badness 10000) has occurred while \output is active []



[151])
Overfull \hbox (71.85732pt too wide) in paragraph at lines 95--133
[]| [] 
 []



[152]
\openout2 = `codegen/tfder1p.aux'.

 (codegen/tfder1p.tex
<codegen/tfder1p.pdf, id=2601, 121.60832pt x 32.5215pt>
File: codegen/tfder1p.pdf Graphic file (type pdf)
<use codegen/tfder1p.pdf>
Package pdftex.def Info: codegen/tfder1p.pdf  used on input line 6.
(pdftex.def)             Requested size: 121.608pt x 32.52141pt.

Overfull \hbox (99.51266pt too wide) in paragraph at lines 9--16
[]\OT1/phv/m/n/10.95 Syntax : | [] 
 []


pdfTeX warning (ext4): destination with the same identifier (name{equation.12.3
.1}) has been already used, duplicate ignored
<to be read again> 
                   \relax 
l.26 \begin{eqnarray}
                     
pdfTeX warning (ext4): destination with the same identifier (name{equation.12.3
.1}) has been already used, duplicate ignored
<to be read again> 
                   \relax 
l.26 \begin{eqnarray}
                     
pdfTeX warning (ext4): destination with the same identifier (name{equation.12.3
.1}) has been already used, duplicate ignored
<to be read again> 
                   \relax 
l.26 \begin{eqnarray}
      